<?xml version="1.0" encoding="UTF-8"?>
<!-- Generated by org.testng.reporters.JUnitReportReporter -->
<testsuite hostname="WINDOWS-UNR7VLH" failures="0" tests="6" name="com.oyoroombook.testScenarios.BookRoom" time="51.183" errors="0" timestamp="2023-04-13T17:14:30 IST" skipped="2">
  <testcase classname="com.oyoroombook.testScenarios.BookRoom" name="searchRoomTest" time="24.704"/>
  <system-out/>
  <testcase classname="com.oyoroombook.testScenarios.BookRoom" name="selectRoomTest" time="7.833"/>
  <system-out/>
  <testcase classname="com.oyoroombook.testScenarios.BookRoom" name="bookRoomTest" time="8.475"/>
  <system-out/>
  <testcase classname="com.oyoroombook.testScenarios.BookRoom" name="enterCustomerDetailsTest" time="10.171"/>
  <system-out/>
  <testcase classname="com.oyoroombook.testScenarios.BookRoom" name="loginTest">
    <skipped/>
  </testcase> <!-- loginTest -->
  <system-out/>
  <testcase classname="com.oyoroombook.testScenarios.BookRoom" name="logoutTest">
    <skipped/>
  </testcase> <!-- logoutTest -->
  <system-out/>
</testsuite> <!-- com.oyoroombook.testScenarios.BookRoom -->
